<?xml version="1.0" encoding="UTF-8" standalone="no"?><testsuite errors="0" failures="0" name="RestFull API Test" skipped="0" tests="42" time="100.54" timestamp="2023-04-17 07:47:40"><testcase name="Successful login"/><testcase name="Invalid login"/><testcase name="Retrieve all products"/><testcase name="Retrieve a single product"/><testcase name="Retrieve a non-existent product"/><testcase name="Get product with limit 5"/><testcase name="Get product with limit 50"/><testcase name="Get sorted product list"/><testcase name="Get all product categories"/><testcase name="Get in product categories"/><testcase name="Get in invalid product categories"/><testcase name="Add a new product to the database"/><testcase name="Add a new product to the database with invalid data"/><testcase name="Update product with valid data"/><testcase name="Update product with invalid data"/><testcase name="User deletes a product from the product list"/><testcase name="User deletes a product from the invalid product list"/><testcase name="Retrieve all carts"/><testcase name="Retrieve a single carts"/><testcase name="Retrieve a non-existent carts"/><testcase name="Get carts with limit 5"/><testcase name="Get carts with limit 50"/><testcase name="Get sorted carts list"/><testcase name="Get cart in date range"/><testcase name="Retrieve a user carts"/><testcase name="Retrieve a user carts invalid"/><testcase name="Add a new cart to the database"/><testcase name="Add a new cart to the database with invalid data"/><testcase name="Update cart with valid data"/><testcase name="Update cart with invalid data"/><testcase name="User deletes a cart from the product list"/><testcase name="User deletes a cart from the invalid product list"/><testcase name="Retrieve all users"/><testcase name="Retrieve a single users"/><testcase name="Retrieve a non-existent users"/><testcase name="Get users with limit 5"/><testcase name="Get users with limit 50"/><testcase name="Get sorted users list"/><testcase name="Update users with valid data"/><testcase name="Update users with invalid data"/><testcase name="User deletes a users from the product list"/><testcase name="User deletes a users from the invalid product list"/></testsuite>