<?xml version="1.0" encoding="UTF-8"?>
<testsuite xmlns:xsi="http://www.w3.org/2001/XMLSchema-instance" xsi:noNamespaceSchemaLocation="https://maven.apache.org/surefire/maven-failsafe-plugin/xsd/failsafe-test-report-3.0.xsd" version="3.0" name="starter.CucumberTestSuite" time="5.172" tests="4" errors="0" skipped="0" failures="0">
  <properties>
[...]
</properties>
  <testcase name="Show the Home Menu" classname="user home menu" time="0.682">
    <system-out><![CDATA[19:52:27.883 [main] DEBUG net.thucydides.core.guice.Injectors - Created injector for module net.thucydides.core.guice.ThucydidesModule
19:52:28.107 [main] INFO io.cucumber.core.plugin.SerenityReporter - Running feature from file:///D:/qe_sella-putri-sari/9_From%20Manual%20to%20Automation%20Testing%20&%20BDD/praktikum/BDD_Prioritas1/src/test/resources/features/homeMenu.feature
19:52:28.243 [main] DEBUG net.thucydides.core.guice.Injectors - Created injector for module net.thucydides.core.guice.webdriver.WebDriverModule
19:52:28.255 [main] INFO  - 

-------------------------------------------------------------------------------------
     _______. _______ .______       _______ .__   __.  __  .___________.____    ____ 
    /       ||   ____||   _  \     |   ____||  \ |  | |  | |           |\   \  /   / 
   |   (----`|  |__   |  |_)  |    |  |__   |   \|  | |  | `---|  |----` \   \/   /  
    \   \    |   __|  |      /     |   __|  |  . `  | |  |     |  |       \_    _/   
.----)   |   |  |____ |  |\  \----.|  |____ |  |\   | |  |     |  |         |  |     
|_______/    |_______|| _| `._____||_______||__| \__| |__|     |__|         |__|    
                                                                                     
 News and tutorials at http://www.serenity-bdd.info                                  
 Documentation at https://wakaleo.gitbooks.io/the-serenity-book/content/             
 Join the Serenity Community on Gitter: https://gitter.im/serenity-bdd/serenity-core 
 Serenity BDD Support and Training at http://serenity-bdd.info/#/trainingandsupport  
-------------------------------------------------------------------------------------

19:52:28.257 [main] DEBUG net.thucydides.core.steps.StepEventBus - Test suite started for story net.thucydides.core.model.Story@4737c33b
19:52:28.259 [main] INFO  - Test Suite Started: user home menu
19:52:28.279 [main] INFO io.cucumber.core.plugin.SerenityReporter - Running feature from file:///D:/qe_sella-putri-sari/9_From%20Manual%20to%20Automation%20Testing%20&%20BDD/praktikum/BDD_Prioritas1/src/test/resources/features/myNetwork.feature
19:52:28.282 [main] DEBUG net.thucydides.core.steps.StepEventBus - Test suite started for story net.thucydides.core.model.Story@158bf67d
19:52:28.282 [main] INFO  - Test Suite Started: my network
19:52:28.282 [main] INFO io.cucumber.core.plugin.SerenityReporter - Running feature from file:///D:/qe_sella-putri-sari/9_From%20Manual%20to%20Automation%20Testing%20&%20BDD/praktikum/BDD_Prioritas1/src/test/resources/features/postContent.feature
19:52:28.286 [main] DEBUG net.thucydides.core.steps.StepEventBus - Test suite started for story net.thucydides.core.model.Story@9b0dfaf5
19:52:28.286 [main] INFO  - Test Suite Started: post content
19:52:28.286 [main] INFO io.cucumber.core.plugin.SerenityReporter - Running feature from file:///D:/qe_sella-putri-sari/9_From%20Manual%20to%20Automation%20Testing%20&%20BDD/praktikum/BDD_Prioritas1/src/test/resources/features/sendMessage.feature
19:52:28.289 [main] DEBUG net.thucydides.core.steps.StepEventBus - Test suite started for story net.thucydides.core.model.Story@a0e928e5
19:52:28.290 [main] INFO  - Test Suite Started: send message
19:52:28.290 [main] INFO io.cucumber.core.plugin.SerenityReporter - Running feature from file:///D:/qe_sella-putri-sari/9_From%20Manual%20to%20Automation%20Testing%20&%20BDD/praktikum/BDD_Prioritas1/src/test/resources/features/homeMenu.feature
19:52:28.293 [main] DEBUG net.thucydides.core.steps.StepEventBus - Test suite started for story net.thucydides.core.model.Story@4737c33b
19:52:28.293 [main] INFO  - Test Suite Started: user home menu

Scenario: Show the Home Menu                           &amp#27;[90m# src/test/resources/features/homeMenu.feature:3&amp#27;[0m
19:52:28.359 [main] INFO io.cucumber.core.plugin.SerenityReporter - Running feature from file:///D:/qe_sella-putri-sari/9_From%20Manual%20to%20Automation%20Testing%20&%20BDD/praktikum/BDD_Prioritas1/src/test/resources/features/homeMenu.feature
19:52:28.499 [main] INFO  - 
  _____   ___   ___   _____     ___   _____     _     ___   _____   ___   ___  
 |_   _| | __| / __| |_   _|   / __| |_   _|   /_\   | _ \ |_   _| | __| |   \ 
   | |   | _|  \__ \   | |     \__ \   | |    / _ \  |   /   | |   | _|  | |) |
   |_|   |___| |___/   |_|     |___/   |_|   /_/ \_\ |_|_\   |_|   |___| |___/ 

Show the Home Menu(user-home-menu;show-the-home-menu)
--------------------------------------------------------------------------------
19:52:28.945 [main] DEBUG net.thucydides.core.steps.StepInterceptor - STARTING STEP: homeMenuSteps.OpenLinkedinApp - the user open the linkedin app
the user open the linkedin app
19:52:28.947 [main] DEBUG net.thucydides.core.steps.StepInterceptor - STEP DONE: the user open the linkedin app
  &amp#27;[32mGiven &amp#27;[0m&amp#27;[32mthe user open the linkedin app&amp#27;[0m                 &amp#27;[90m# starter.stepDefinitions.homeMenuSteps.OpenLinkedinApp()&amp#27;[0m
19:52:28.956 [main] DEBUG net.thucydides.core.steps.StepInterceptor - STARTING STEP: homeMenuSteps.FillLoginForm - a user fill the form to login account
a user fill the form to login account
19:52:28.956 [main] DEBUG net.thucydides.core.steps.StepInterceptor - STEP DONE: a user fill the form to login account
  &amp#27;[32mWhen &amp#27;[0m&amp#27;[32ma user fill the form to login account&amp#27;[0m           &amp#27;[90m# starter.stepDefinitions.homeMenuSteps.FillLoginForm()&amp#27;[0m
19:52:28.961 [main] DEBUG net.thucydides.core.steps.StepInterceptor - STARTING STEP: homeMenuSteps.SuccessLoginAccount - a user has successfully logged in to the account
a user has successfully logged in to the account
19:52:28.961 [main] DEBUG net.thucydides.core.steps.StepInterceptor - STEP DONE: a user has successfully logged in to the account
  &amp#27;[32mAnd &amp#27;[0m&amp#27;[32ma user has successfully logged in to the account&amp#27;[0m &amp#27;[90m# starter.stepDefinitions.homeMenuSteps.SuccessLoginAccount()&amp#27;[0m
19:52:28.966 [main] DEBUG net.thucydides.core.steps.StepInterceptor - STARTING STEP: homeMenuSteps.ShowTheHomeMenu - display the linkedin home menu
display the linkedin home menu
19:52:28.967 [main] DEBUG net.thucydides.core.steps.StepInterceptor - STEP DONE: display the linkedin home menu
  &amp#27;[32mThen &amp#27;[0m&amp#27;[32mdisplay the linkedin home menu&amp#27;[0m                  &amp#27;[90m# starter.stepDefinitions.homeMenuSteps.ShowTheHomeMenu()&amp#27;[0m
19:52:28.972 [main] INFO  - 
  _____   ___   ___   _____     ___     _     ___   ___   ___   ___  
 |_   _| | __| / __| |_   _|   | _ \   /_\   / __| / __| | __| |   \ 
   | |   | _|  \__ \   | |     |  _/  / _ \  \__ \ \__ \ | _|  | |) |
   |_|   |___| |___/   |_|     |_|   /_/ \_\ |___/ |___/ |___| |___/ 

Show the Home Menu
----------------------------------------------------------------------
]]></system-out>
  </testcase>
  <testcase name="Show My Network" classname="my network" time="0.06">
    <system-out><![CDATA[19:52:28.979 [main] INFO io.cucumber.core.plugin.SerenityReporter - Running feature from file:///D:/qe_sella-putri-sari/9_From%20Manual%20to%20Automation%20Testing%20&%20BDD/praktikum/BDD_Prioritas1/src/test/resources/features/myNetwork.feature
19:52:28.983 [main] DEBUG net.thucydides.core.steps.StepEventBus - Test suite started for story net.thucydides.core.model.Story@158bf67d
19:52:28.983 [main] INFO  - Test Suite Started: my network

Scenario: Show My Network                                        &amp#27;[90m# src/test/resources/features/myNetwork.feature:3&amp#27;[0m
19:52:29.002 [main] INFO io.cucumber.core.plugin.SerenityReporter - Running feature from file:///D:/qe_sella-putri-sari/9_From%20Manual%20to%20Automation%20Testing%20&%20BDD/praktikum/BDD_Prioritas1/src/test/resources/features/myNetwork.feature
19:52:29.005 [main] INFO  - 
  _____   ___   ___   _____     ___   _____     _     ___   _____   ___   ___  
 |_   _| | __| / __| |_   _|   / __| |_   _|   /_\   | _ \ |_   _| | __| |   \ 
   | |   | _|  \__ \   | |     \__ \   | |    / _ \  |   /   | |   | _|  | |) |
   |_|   |___| |___/   |_|     |___/   |_|   /_/ \_\ |_|_\   |_|   |___| |___/ 

Show My Network(my-network;show-my-network)
--------------------------------------------------------------------------------
19:52:29.030 [main] DEBUG net.thucydides.core.steps.StepInterceptor - STARTING STEP: myNetworkSteps.Account - the user have the linkedin account
the user have the linkedin account
19:52:29.030 [main] DEBUG net.thucydides.core.steps.StepInterceptor - STEP DONE: the user have the linkedin account
  &amp#27;[32mGiven &amp#27;[0m&amp#27;[32mthe user have the linkedin account&amp#27;[0m                       &amp#27;[90m# starter.stepDefinitions.myNetworkSteps.Account()&amp#27;[0m
19:52:29.035 [main] DEBUG net.thucydides.core.steps.StepInterceptor - STARTING STEP: myNetworkSteps.LoginAccount - a user has logged in to the account
a user has logged in to the account
19:52:29.036 [main] DEBUG net.thucydides.core.steps.StepInterceptor - STEP DONE: a user has logged in to the account
  &amp#27;[32mWhen &amp#27;[0m&amp#27;[32ma user has logged in to the account&amp#27;[0m                       &amp#27;[90m# starter.stepDefinitions.myNetworkSteps.LoginAccount()&amp#27;[0m
19:52:29.041 [main] DEBUG net.thucydides.core.steps.StepInterceptor - STARTING STEP: myNetworkSteps.ClickMyNetworkButton - a user click My Network button
a user click My Network button
19:52:29.041 [main] DEBUG net.thucydides.core.steps.StepInterceptor - STEP DONE: a user click My Network button
  &amp#27;[32mAnd &amp#27;[0m&amp#27;[32ma user click My Network button&amp#27;[0m                             &amp#27;[90m# starter.stepDefinitions.myNetworkSteps.ClickMyNetworkButton()&amp#27;[0m
19:52:29.045 [main] DEBUG net.thucydides.core.steps.StepInterceptor - STARTING STEP: myNetworkSteps.ShowMyNetwork - display the relation all connection and manage my network
display the relation all connection and manage my network
19:52:29.046 [main] DEBUG net.thucydides.core.steps.StepInterceptor - STEP DONE: display the relation all connection and manage my network
  &amp#27;[32mThen &amp#27;[0m&amp#27;[32mdisplay the relation all connection and manage my network&amp#27;[0m &amp#27;[90m# starter.stepDefinitions.myNetworkSteps.ShowMyNetwork()&amp#27;[0m
19:52:29.049 [main] INFO  - 
  _____   ___   ___   _____     ___     _     ___   ___   ___   ___  
 |_   _| | __| / __| |_   _|   | _ \   /_\   / __| / __| | __| |   \ 
   | |   | _|  \__ \   | |     |  _/  / _ \  \__ \ \__ \ | _|  | |) |
   |_|   |___| |___/   |_|     |_|   /_/ \_\ |___/ |___/ |___| |___/ 

Show My Network
----------------------------------------------------------------------
]]></system-out>
  </testcase>
  <testcase name="posting a content" classname="post content" time="0.055">
    <system-out><![CDATA[19:52:29.050 [main] INFO io.cucumber.core.plugin.SerenityReporter - Running feature from file:///D:/qe_sella-putri-sari/9_From%20Manual%20to%20Automation%20Testing%20&%20BDD/praktikum/BDD_Prioritas1/src/test/resources/features/postContent.feature
19:52:29.055 [main] DEBUG net.thucydides.core.steps.StepEventBus - Test suite started for story net.thucydides.core.model.Story@9b0dfaf5
19:52:29.055 [main] INFO  - Test Suite Started: post content

Scenario: posting a content                            &amp#27;[90m# src/test/resources/features/postContent.feature:3&amp#27;[0m
19:52:29.066 [main] INFO io.cucumber.core.plugin.SerenityReporter - Running feature from file:///D:/qe_sella-putri-sari/9_From%20Manual%20to%20Automation%20Testing%20&%20BDD/praktikum/BDD_Prioritas1/src/test/resources/features/postContent.feature
19:52:29.069 [main] INFO  - 
  _____   ___   ___   _____     ___   _____     _     ___   _____   ___   ___  
 |_   _| | __| / __| |_   _|   / __| |_   _|   /_\   | _ \ |_   _| | __| |   \ 
   | |   | _|  \__ \   | |     \__ \   | |    / _ \  |   /   | |   | _|  | |) |
   |_|   |___| |___/   |_|     |___/   |_|   /_/ \_\ |_|_\   |_|   |___| |___/ 

posting a content(post-content;posting-a-content)
--------------------------------------------------------------------------------
19:52:29.092 [main] DEBUG net.thucydides.core.steps.StepInterceptor - STARTING STEP: postContentSteps.GoToHome - the user goes to the main page or home
the user goes to the main page or home
19:52:29.093 [main] DEBUG net.thucydides.core.steps.StepInterceptor - STEP DONE: the user goes to the main page or home
  &amp#27;[32mGiven &amp#27;[0m&amp#27;[32mthe user goes to the main page or home&amp#27;[0m         &amp#27;[90m# starter.stepDefinitions.postContentSteps.GoToHome()&amp#27;[0m
19:52:29.097 [main] DEBUG net.thucydides.core.steps.StepInterceptor - STARTING STEP: postContentSteps.StartCreatePost - a user click start create the posting
a user click start create the posting
19:52:29.097 [main] DEBUG net.thucydides.core.steps.StepInterceptor - STEP DONE: a user click start create the posting
  &amp#27;[32mWhen &amp#27;[0m&amp#27;[32ma user click start create the posting&amp#27;[0m           &amp#27;[90m# starter.stepDefinitions.postContentSteps.StartCreatePost()&amp#27;[0m
19:52:29.102 [main] DEBUG net.thucydides.core.steps.StepInterceptor - STARTING STEP: postContentSteps.FilltheContent - a user fills out the content to created
a user fills out the form about what content to created
19:52:29.103 [main] DEBUG net.thucydides.core.steps.StepInterceptor - STEP DONE: a user fills out the content to created
  &amp#27;[32mAnd &amp#27;[0m&amp#27;[32ma user fills out the content to created&amp#27;[0m          &amp#27;[90m# starter.stepDefinitions.postContentSteps.FilltheContent()&amp#27;[0m
19:52:29.108 [main] DEBUG net.thucydides.core.steps.StepInterceptor - STARTING STEP: postContentSteps.PostContent - click posting button for upload the new content
click posting button for upload the new content
19:52:29.108 [main] DEBUG net.thucydides.core.steps.StepInterceptor - STEP DONE: click posting button for upload the new content
  &amp#27;[32mThen &amp#27;[0m&amp#27;[32mclick posting button for upload the new content&amp#27;[0m &amp#27;[90m# starter.stepDefinitions.postContentSteps.PostContent()&amp#27;[0m
19:52:29.111 [main] INFO  - 
  _____   ___   ___   _____     ___     _     ___   ___   ___   ___  
 |_   _| | __| / __| |_   _|   | _ \   /_\   / __| / __| | __| |   \ 
   | |   | _|  \__ \   | |     |  _/  / _ \  \__ \ \__ \ | _|  | |) |
   |_|   |___| |___/   |_|     |_|   /_/ \_\ |___/ |___/ |___| |___/ 

posting a content
----------------------------------------------------------------------
]]></system-out>
  </testcase>
  <testcase name="Sending the message" classname="send message" time="0.052">
    <system-out><![CDATA[19:52:29.112 [main] INFO io.cucumber.core.plugin.SerenityReporter - Running feature from file:///D:/qe_sella-putri-sari/9_From%20Manual%20to%20Automation%20Testing%20&%20BDD/praktikum/BDD_Prioritas1/src/test/resources/features/sendMessage.feature
19:52:29.117 [main] DEBUG net.thucydides.core.steps.StepEventBus - Test suite started for story net.thucydides.core.model.Story@a0e928e5
19:52:29.118 [main] INFO  - Test Suite Started: send message

Scenario: Sending the message                        &amp#27;[90m# src/test/resources/features/sendMessage.feature:3&amp#27;[0m
19:52:29.124 [main] INFO io.cucumber.core.plugin.SerenityReporter - Running feature from file:///D:/qe_sella-putri-sari/9_From%20Manual%20to%20Automation%20Testing%20&%20BDD/praktikum/BDD_Prioritas1/src/test/resources/features/sendMessage.feature
19:52:29.128 [main] INFO  - 
  _____   ___   ___   _____     ___   _____     _     ___   _____   ___   ___  
 |_   _| | __| / __| |_   _|   / __| |_   _|   /_\   | _ \ |_   _| | __| |   \ 
   | |   | _|  \__ \   | |     \__ \   | |    / _ \  |   /   | |   | _|  | |) |
   |_|   |___| |___/   |_|     |___/   |_|   /_/ \_\ |_|_\   |_|   |___| |___/ 

Sending the message(send-message;sending-the-message)
--------------------------------------------------------------------------------
19:52:29.148 [main] DEBUG net.thucydides.core.steps.StepInterceptor - STARTING STEP: sendMessageSteps.ClickMessageButton - the user click the Message button
the user click the Message button
19:52:29.148 [main] DEBUG net.thucydides.core.steps.StepInterceptor - STEP DONE: the user click the Message button
  &amp#27;[32mGiven &amp#27;[0m&amp#27;[32mthe user click the Message button&amp#27;[0m            &amp#27;[90m# starter.stepDefinitions.sendMessageSteps.ClickMessageButton()&amp#27;[0m
19:52:29.153 [main] DEBUG net.thucydides.core.steps.StepInterceptor - STARTING STEP: sendMessageSteps.AddNewMessage - a user click add new message and add receiver
a user click add new message and add receiver
19:52:29.154 [main] DEBUG net.thucydides.core.steps.StepInterceptor - STEP DONE: a user click add new message and add receiver
  &amp#27;[32mWhen &amp#27;[0m&amp#27;[32ma user click add new message and add receiver&amp#27;[0m &amp#27;[90m# starter.stepDefinitions.sendMessageSteps.AddNewMessage()&amp#27;[0m
19:52:29.158 [main] DEBUG net.thucydides.core.steps.StepInterceptor - STARTING STEP: sendMessageSteps.WriteMessage - a user write the message
a user write the message
19:52:29.159 [main] DEBUG net.thucydides.core.steps.StepInterceptor - STEP DONE: a user write the message
  &amp#27;[32mAnd &amp#27;[0m&amp#27;[32ma user write the message&amp#27;[0m                       &amp#27;[90m# starter.stepDefinitions.sendMessageSteps.WriteMessage()&amp#27;[0m
19:52:29.165 [main] DEBUG net.thucydides.core.steps.StepInterceptor - STARTING STEP: sendMessageSteps.SendMessage - click the send button to sending message
click the send button to sending message
19:52:29.166 [main] DEBUG net.thucydides.core.steps.StepInterceptor - STEP DONE: click the send button to sending message
  &amp#27;[32mThen &amp#27;[0m&amp#27;[32mclick the send button to sending message&amp#27;[0m      &amp#27;[90m# starter.stepDefinitions.sendMessageSteps.SendMessage()&amp#27;[0m
19:52:29.168 [main] INFO  - 
  _____   ___   ___   _____     ___     _     ___   ___   ___   ___  
 |_   _| | __| / __| |_   _|   | _ \   /_\   / __| / __| | __| |   \ 
   | |   | _|  \__ \   | |     |  _/  / _ \  \__ \ \__ \ | _|  | |) |
   |_|   |___| |___/   |_|     |_|   /_/ \_\ |___/ |___/ |___| |___/ 

Sending the message
----------------------------------------------------------------------
]]></system-out>
  </testcase>
</testsuite>